<?xml version="1.0" encoding="UTF-8"?>
<!-- Generated by org.testng.reporters.JUnitReportReporter -->
<testsuite hostname="Rahul" name="testcase.Login_Action" tests="2" failures="0" timestamp="3 Mar 2017 12:51:49 GMT" time="11.718" errors="0">
  <testcase name="enterCredentials" time="11.082" classname="testcase.Login_Action"/>
  <testcase name="modal_open" time="0.636" classname="testcase.Login_Action"/>
</testsuite> <!-- testcase.Login_Action -->
