<?xml version="1.0" encoding="UTF-8"?>
<!-- Generated by org.testng.reporters.JUnitReportReporter -->
<testsuite hostname="LAPTOP-UQLHQIUB" name="testcase.Login_Action" tests="2" failures="0" timestamp="22 Apr 2017 12:31:14 GMT" time="12.991" errors="0">
  <testcase name="enterCredentials" time="12.384" classname="testcase.Login_Action"/>
  <testcase name="modal_open" time="0.607" classname="testcase.Login_Action"/>
</testsuite> <!-- testcase.Login_Action -->
