<?xml version="1.0" encoding="UTF-8"?>
<!-- Generated by org.testng.reporters.JUnitReportReporter -->
<testsuite hostname="Rahul" name="testcase.No_of_ProjectTestNG" tests="1" failures="0" timestamp="24 Feb 2017 19:31:17 GMT" time="3.597" errors="0">
  <testcase name="clickUponProjectTab" time="3.597" classname="testcase.No_of_ProjectTestNG"/>
</testsuite> <!-- testcase.No_of_ProjectTestNG -->
