<?xml version="1.0" encoding="UTF-8"?>
<!-- Generated by org.testng.reporters.JUnitReportReporter -->
<testsuite hostname="Rahul" name="testcase.No_of_ProjectTestNG" tests="2" failures="0" timestamp="21 Mar 2017 10:15:13 GMT" time="7.174" errors="0">
  <testcase name="openProject" time="3.832" classname="testcase.No_of_ProjectTestNG"/>
  <testcase name="clickUponProjectTab" time="3.342" classname="testcase.No_of_ProjectTestNG"/>
</testsuite> <!-- testcase.No_of_ProjectTestNG -->
