<?xml version="1.0" encoding="UTF-8"?>
<!-- Generated by org.testng.reporters.JUnitReportReporter -->
<testsuite hostname="Rahul" name="testcase.No_of_ProjectTestNG" tests="1" failures="0" timestamp="23 Feb 2017 14:25:12 GMT" time="3.143" errors="0">
  <testcase name="clickUponProjectTab" time="3.143" classname="testcase.No_of_ProjectTestNG"/>
</testsuite> <!-- testcase.No_of_ProjectTestNG -->
