<?xml version="1.0" encoding="UTF-8"?>
<!-- Generated by org.testng.reporters.JUnitReportReporter -->
<testsuite hostname="Rahul" name="testcase.Login_Action" tests="2" failures="0" timestamp="28 Feb 2017 11:06:11 GMT" time="11.358" errors="0">
  <testcase name="enterCredentials" time="10.856" classname="testcase.Login_Action"/>
  <testcase name="modal_open" time="0.502" classname="testcase.Login_Action"/>
</testsuite> <!-- testcase.Login_Action -->
