<?xml version="1.0" encoding="UTF-8"?>
<!-- Generated by org.testng.reporters.JUnitReportReporter -->
<testsuite hostname="Rahul" name="testcase.Login_Action" tests="2" failures="0" timestamp="23 Feb 2017 18:49:19 GMT" time="12.577" errors="0">
  <testcase name="modal_open" time="0.819" classname="testcase.Login_Action"/>
  <testcase name="enterCredentials" time="11.758" classname="testcase.Login_Action"/>
</testsuite> <!-- testcase.Login_Action -->
