<?xml version="1.0" encoding="UTF-8"?>
<!-- Generated by org.testng.reporters.JUnitReportReporter -->
<testsuite hostname="Rahul" name="testcase.No_of_ProjectTestNG" tests="2" failures="0" timestamp="28 Feb 2017 11:06:11 GMT" time="6.354" errors="0">
  <testcase name="openProject" time="3.119" classname="testcase.No_of_ProjectTestNG"/>
  <testcase name="clickUponProjectTab" time="3.235" classname="testcase.No_of_ProjectTestNG"/>
</testsuite> <!-- testcase.No_of_ProjectTestNG -->
