<?xml version="1.0" encoding="UTF-8"?>
<!-- Generated by org.testng.reporters.JUnitReportReporter -->
<testsuite hostname="Rahul" name="testcase.No_of_ProjectTestNG" tests="1" failures="0" timestamp="23 Feb 2017 18:49:19 GMT" time="5.182" errors="0">
  <testcase name="clickUponProjectTab" time="5.182" classname="testcase.No_of_ProjectTestNG"/>
</testsuite> <!-- testcase.No_of_ProjectTestNG -->
