<?xml version="1.0" encoding="UTF-8"?>
<!-- Generated by org.testng.reporters.JUnitReportReporter -->
<testsuite hostname="Rahul" name="testcase.No_of_ProjectTestNG" tests="2" failures="0" timestamp="1 Mar 2017 09:35:19 GMT" time="7.695" errors="0">
  <testcase name="clickUponProjectTab" time="4.168" classname="testcase.No_of_ProjectTestNG"/>
  <testcase name="openProject" time="3.527" classname="testcase.No_of_ProjectTestNG"/>
</testsuite> <!-- testcase.No_of_ProjectTestNG -->
