<?xml version="1.0" encoding="UTF-8"?>
<!-- Generated by org.testng.reporters.JUnitReportReporter -->
<testsuite hostname="Rahul" name="testcase.No_of_ProjectTestNG" tests="2" failures="0" timestamp="3 Mar 2017 12:51:49 GMT" time="7.624" errors="0">
  <testcase name="openProject" time="3.675" classname="testcase.No_of_ProjectTestNG"/>
  <testcase name="clickUponProjectTab" time="3.949" classname="testcase.No_of_ProjectTestNG"/>
</testsuite> <!-- testcase.No_of_ProjectTestNG -->
