<?xml version="1.0" encoding="UTF-8"?>
<!-- Generated by org.testng.reporters.JUnitReportReporter -->
<testsuite hostname="LAPTOP-UQLHQIUB" name="testcase.No_of_ProjectTestNG" tests="2" failures="0" timestamp="22 Apr 2017 12:31:14 GMT" time="17.559" errors="0">
  <testcase name="clickUponProjectTab" time="13.849" classname="testcase.No_of_ProjectTestNG"/>
  <testcase name="openProject" time="3.710" classname="testcase.No_of_ProjectTestNG"/>
</testsuite> <!-- testcase.No_of_ProjectTestNG -->
