<?xml version="1.0" encoding="UTF-8"?>
<!-- Generated by org.testng.reporters.JUnitReportReporter -->
<testsuite hostname="Rahul" name="testcase.No_of_ProjectTestNG" tests="2" failures="0" timestamp="28 Feb 2017 17:54:42 GMT" time="8.719" errors="0">
  <testcase name="openProject" time="3.963" classname="testcase.No_of_ProjectTestNG"/>
  <testcase name="clickUponProjectTab" time="4.756" classname="testcase.No_of_ProjectTestNG"/>
</testsuite> <!-- testcase.No_of_ProjectTestNG -->
