<?xml version="1.0" encoding="UTF-8"?>
<!-- Generated by org.testng.reporters.JUnitReportReporter -->
<testsuite hostname="Rahul" name="testcase.Login_Action" tests="2" failures="0" timestamp="1 Mar 2017 09:35:19 GMT" time="11.543" errors="0">
  <testcase name="modal_open" time="0.618" classname="testcase.Login_Action"/>
  <testcase name="enterCredentials" time="10.925" classname="testcase.Login_Action"/>
</testsuite> <!-- testcase.Login_Action -->
