<?xml version="1.0" encoding="UTF-8"?>
<!-- Generated by org.testng.reporters.JUnitReportReporter -->
<testsuite hostname="Rahul" name="testcase.No_of_ProjectTestNG" tests="3" failures="0" timestamp="1 Feb 2017 11:28:44 GMT" time="4.544" errors="0">
  <testcase name="clickUponProjectTab" time="3.209" classname="testcase.No_of_ProjectTestNG"/>
  <testcase name="projectShouldVisible" time="0.153" classname="testcase.No_of_ProjectTestNG"/>
  <testcase name="closeBrowser" time="1.182" classname="testcase.No_of_ProjectTestNG"/>
</testsuite> <!-- testcase.No_of_ProjectTestNG -->
