<?xml version="1.0" encoding="UTF-8"?>
<!-- Generated by org.testng.reporters.JUnitReportReporter -->
<testsuite hostname="Rahul" name="testcase.Login_Action" tests="2" failures="0" timestamp="1 Feb 2017 11:28:44 GMT" time="11.541" errors="0">
  <testcase name="modal_open" time="0.428" classname="testcase.Login_Action"/>
  <testcase name="enterCredentials" time="11.113" classname="testcase.Login_Action"/>
</testsuite> <!-- testcase.Login_Action -->
