<?xml version="1.0" encoding="UTF-8"?>
<!-- Generated by org.testng.reporters.JUnitReportReporter -->
<testsuite hostname="Rahul" name="testcase.Login_Action" tests="2" failures="0" timestamp="21 Mar 2017 10:15:13 GMT" time="11.473" errors="0">
  <testcase name="enterCredentials" time="10.962" classname="testcase.Login_Action"/>
  <testcase name="modal_open" time="0.511" classname="testcase.Login_Action"/>
</testsuite> <!-- testcase.Login_Action -->
